[0.087s] Invoking command in '/home/art-chris/aruco_detection/build/aruco_detection': CMAKE_PREFIX_PATH=${CMAKE_PREFIX_PATH}:/opt/ros/galactic /opt/cmake-install/bin/cmake /home/art-chris/aruco_detection/src/aruco_detection -DCMAKE_INSTALL_PREFIX=/home/art-chris/aruco_detection/install/aruco_detection
[0.124s] -- The C compiler identification is GNU 9.4.0
[0.158s] -- The CXX compiler identification is GNU 9.4.0
[0.162s] -- Detecting C compiler ABI info
[0.194s] -- Detecting C compiler ABI info - done
[0.199s] -- Check for working C compiler: /usr/bin/cc - skipped
[0.199s] -- Detecting C compile features
[0.199s] -- Detecting C compile features - done
[0.201s] -- Detecting CXX compiler ABI info
[0.240s] -- Detecting CXX compiler ABI info - done
[0.246s] -- Check for working CXX compiler: /usr/bin/c++ - skipped
[0.246s] -- Detecting CXX compile features
[0.246s] -- Detecting CXX compile features - done
[0.248s] -- Found ament_cmake: 1.1.6 (/opt/ros/galactic/share/ament_cmake/cmake)
[0.263s] -- Found PythonInterp: /usr/bin/python3 (found suitable version "3.8.10", minimum required is "3") 
[0.263s] -- Using PYTHON_EXECUTABLE: /usr/bin/python3
[0.309s] -- Found ament_lint_auto: 0.10.7 (/opt/ros/galactic/share/ament_lint_auto/cmake)
[0.369s] -- Added test 'copyright' to check source files copyright and LICENSE
[0.370s] -- Added test 'flake8' to check Python code syntax and style conventions
[0.371s] -- Added test 'lint_cmake' to check CMake code style
[0.371s] -- Added test 'pep257' to check Python code against some of the style conventions in PEP 257
[0.372s] -- Added test 'xmllint' to check XML markup files
[0.372s] -- Configuring done
[0.374s] -- Generating done
[0.374s] -- Build files have been written to: /home/art-chris/aruco_detection/build/aruco_detection
[0.378s] Invoked command in '/home/art-chris/aruco_detection/build/aruco_detection' returned '0': CMAKE_PREFIX_PATH=${CMAKE_PREFIX_PATH}:/opt/ros/galactic /opt/cmake-install/bin/cmake /home/art-chris/aruco_detection/src/aruco_detection -DCMAKE_INSTALL_PREFIX=/home/art-chris/aruco_detection/install/aruco_detection
[0.379s] Invoking command in '/home/art-chris/aruco_detection/build/aruco_detection': CMAKE_PREFIX_PATH=${CMAKE_PREFIX_PATH}:/opt/ros/galactic /opt/cmake-install/bin/cmake --build /home/art-chris/aruco_detection/build/aruco_detection -- -j16 -l16
[0.390s] Invoked command in '/home/art-chris/aruco_detection/build/aruco_detection' returned '0': CMAKE_PREFIX_PATH=${CMAKE_PREFIX_PATH}:/opt/ros/galactic /opt/cmake-install/bin/cmake --build /home/art-chris/aruco_detection/build/aruco_detection -- -j16 -l16
[0.401s] Invoking command in '/home/art-chris/aruco_detection/build/aruco_detection': CMAKE_PREFIX_PATH=${CMAKE_PREFIX_PATH}:/opt/ros/galactic /opt/cmake-install/bin/cmake --install /home/art-chris/aruco_detection/build/aruco_detection
[0.403s] -- Install configuration: ""
[0.403s] -- Installing: /home/art-chris/aruco_detection/install/aruco_detection/share/ament_index/resource_index/package_run_dependencies/aruco_detection
[0.403s] -- Installing: /home/art-chris/aruco_detection/install/aruco_detection/share/ament_index/resource_index/parent_prefix_path/aruco_detection
[0.403s] -- Installing: /home/art-chris/aruco_detection/install/aruco_detection/share/aruco_detection/environment/ament_prefix_path.sh
[0.403s] -- Installing: /home/art-chris/aruco_detection/install/aruco_detection/share/aruco_detection/environment/ament_prefix_path.dsv
[0.404s] -- Installing: /home/art-chris/aruco_detection/install/aruco_detection/share/aruco_detection/environment/path.sh
[0.404s] -- Installing: /home/art-chris/aruco_detection/install/aruco_detection/share/aruco_detection/environment/path.dsv
[0.404s] -- Installing: /home/art-chris/aruco_detection/install/aruco_detection/share/aruco_detection/local_setup.bash
[0.404s] -- Installing: /home/art-chris/aruco_detection/install/aruco_detection/share/aruco_detection/local_setup.sh
[0.404s] -- Installing: /home/art-chris/aruco_detection/install/aruco_detection/share/aruco_detection/local_setup.zsh
[0.404s] -- Installing: /home/art-chris/aruco_detection/install/aruco_detection/share/aruco_detection/local_setup.dsv
[0.404s] -- Installing: /home/art-chris/aruco_detection/install/aruco_detection/share/aruco_detection/package.dsv
[0.404s] -- Installing: /home/art-chris/aruco_detection/install/aruco_detection/share/ament_index/resource_index/packages/aruco_detection
[0.404s] -- Installing: /home/art-chris/aruco_detection/install/aruco_detection/share/aruco_detection/cmake/aruco_detectionConfig.cmake
[0.404s] -- Installing: /home/art-chris/aruco_detection/install/aruco_detection/share/aruco_detection/cmake/aruco_detectionConfig-version.cmake
[0.404s] -- Installing: /home/art-chris/aruco_detection/install/aruco_detection/share/aruco_detection/package.xml
[0.405s] Invoked command in '/home/art-chris/aruco_detection/build/aruco_detection' returned '0': CMAKE_PREFIX_PATH=${CMAKE_PREFIX_PATH}:/opt/ros/galactic /opt/cmake-install/bin/cmake --install /home/art-chris/aruco_detection/build/aruco_detection
