running egg_info
creating ../../build/aruco_detection/aruco_detection.egg-info
writing ../../build/aruco_detection/aruco_detection.egg-info/PKG-INFO
writing dependency_links to ../../build/aruco_detection/aruco_detection.egg-info/dependency_links.txt
writing entry points to ../../build/aruco_detection/aruco_detection.egg-info/entry_points.txt
writing requirements to ../../build/aruco_detection/aruco_detection.egg-info/requires.txt
writing top-level names to ../../build/aruco_detection/aruco_detection.egg-info/top_level.txt
writing manifest file '../../build/aruco_detection/aruco_detection.egg-info/SOURCES.txt'
reading manifest file '../../build/aruco_detection/aruco_detection.egg-info/SOURCES.txt'
writing manifest file '../../build/aruco_detection/aruco_detection.egg-info/SOURCES.txt'
running build
running build_py
creating /home/art-chris/aruco_detection/build/aruco_detection/build
creating /home/art-chris/aruco_detection/build/aruco_detection/build/lib
creating /home/art-chris/aruco_detection/build/aruco_detection/build/lib/aruco_detection
copying aruco_detection/__init__.py -> /home/art-chris/aruco_detection/build/aruco_detection/build/lib/aruco_detection
copying aruco_detection/detect_aruco.py -> /home/art-chris/aruco_detection/build/aruco_detection/build/lib/aruco_detection
running install
running install_lib
creating /home/art-chris/aruco_detection/install/aruco_detection/lib/python3.8/site-packages/aruco_detection
copying /home/art-chris/aruco_detection/build/aruco_detection/build/lib/aruco_detection/__init__.py -> /home/art-chris/aruco_detection/install/aruco_detection/lib/python3.8/site-packages/aruco_detection
copying /home/art-chris/aruco_detection/build/aruco_detection/build/lib/aruco_detection/detect_aruco.py -> /home/art-chris/aruco_detection/install/aruco_detection/lib/python3.8/site-packages/aruco_detection
byte-compiling /home/art-chris/aruco_detection/install/aruco_detection/lib/python3.8/site-packages/aruco_detection/__init__.py to __init__.cpython-38.pyc
byte-compiling /home/art-chris/aruco_detection/install/aruco_detection/lib/python3.8/site-packages/aruco_detection/detect_aruco.py to detect_aruco.cpython-38.pyc
running install_data
copying resource/aruco_detection -> /home/art-chris/aruco_detection/install/aruco_detection/share/ament_index/resource_index/packages
copying package.xml -> /home/art-chris/aruco_detection/install/aruco_detection/share/aruco_detection
running install_egg_info
Copying ../../build/aruco_detection/aruco_detection.egg-info to /home/art-chris/aruco_detection/install/aruco_detection/lib/python3.8/site-packages/aruco_detection-0.0.0-py3.8.egg-info
running install_scripts
Installing detect_aruco script to /home/art-chris/aruco_detection/install/aruco_detection/lib/aruco_detection
writing list of installed files to '/home/art-chris/aruco_detection/build/aruco_detection/install.log'
