[1.541s] DEBUG:colcon:Command line arguments: ['/usr/bin/colcon', 'build']
[1.541s] DEBUG:colcon:Parsed command line arguments: Namespace(allow_overriding=[], ament_cmake_args=None, base_paths=['.'], build_base='build', catkin_cmake_args=None, catkin_skip_building_tests=False, cmake_args=None, cmake_clean_cache=False, cmake_clean_first=False, cmake_force_configure=False, cmake_target=None, cmake_target_skip_unavailable=False, continue_on_error=False, event_handlers=None, executor='parallel', ignore_user_meta=False, install_base='install', log_base=None, log_level=None, main=<bound method BuildVerb.main of <colcon_core.verb.build.BuildVerb object at 0x7ff50a9cabe0>>, merge_install=False, metas=['./colcon.meta'], packages_above=None, packages_above_and_dependencies=None, packages_above_depth=None, packages_end=None, packages_ignore=None, packages_ignore_regex=None, packages_select=None, packages_select_build_failed=False, packages_select_by_dep=None, packages_select_regex=None, packages_select_test_failures=False, packages_skip=None, packages_skip_build_finished=False, packages_skip_by_dep=None, packages_skip_regex=None, packages_skip_test_passed=False, packages_skip_up_to=None, packages_start=None, packages_up_to=None, packages_up_to_regex=None, parallel_workers=16, paths=None, symlink_install=False, test_result_base=None, verb_extension=<colcon_core.verb.build.BuildVerb object at 0x7ff50a9cabe0>, verb_name='build', verb_parser=<colcon_defaults.argument_parser.defaults.DefaultArgumentsDecorator object at 0x7ff50a8e13a0>)
[1.609s] Level 1:colcon.colcon_core.package_discovery:discover_packages(colcon_meta) check parameters
[1.610s] Level 1:colcon.colcon_core.package_discovery:discover_packages(recursive) check parameters
[1.610s] Level 1:colcon.colcon_core.package_discovery:discover_packages(ignore) check parameters
[1.610s] Level 1:colcon.colcon_core.package_discovery:discover_packages(path) check parameters
[1.610s] Level 1:colcon.colcon_core.package_discovery:discover_packages(colcon_meta) discover
[1.610s] Level 1:colcon.colcon_core.package_discovery:discover_packages(recursive) discover
[1.610s] INFO:colcon.colcon_core.package_discovery:Crawling recursively for packages in '/home/art-chris/aruco_detection'
[1.610s] Level 1:colcon.colcon_core.package_identification:_identify(.) by extensions ['ignore', 'ignore_ament_install']
[1.610s] Level 1:colcon.colcon_core.package_identification:_identify(.) by extension 'ignore'
[1.610s] Level 1:colcon.colcon_core.package_identification:_identify(.) by extension 'ignore_ament_install'
[1.610s] Level 1:colcon.colcon_core.package_identification:_identify(.) by extensions ['colcon_pkg']
[1.610s] Level 1:colcon.colcon_core.package_identification:_identify(.) by extension 'colcon_pkg'
[1.610s] Level 1:colcon.colcon_core.package_identification:_identify(.) by extensions ['colcon_meta']
[1.610s] Level 1:colcon.colcon_core.package_identification:_identify(.) by extension 'colcon_meta'
[1.610s] Level 1:colcon.colcon_core.package_identification:_identify(.) by extensions ['ros']
[1.610s] Level 1:colcon.colcon_core.package_identification:_identify(.) by extension 'ros'
[1.623s] Level 1:colcon.colcon_core.package_identification:_identify(.) by extensions ['cmake', 'python']
[1.623s] Level 1:colcon.colcon_core.package_identification:_identify(.) by extension 'cmake'
[1.623s] Level 1:colcon.colcon_core.package_identification:_identify(.) by extension 'python'
[1.623s] Level 1:colcon.colcon_core.package_identification:_identify(.) by extensions ['python_setup_py']
[1.623s] Level 1:colcon.colcon_core.package_identification:_identify(.) by extension 'python_setup_py'
[1.624s] Level 1:colcon.colcon_core.package_identification:_identify(build) by extensions ['ignore', 'ignore_ament_install']
[1.624s] Level 1:colcon.colcon_core.package_identification:_identify(build) by extension 'ignore'
[1.624s] Level 1:colcon.colcon_core.package_identification:_identify(build) ignored
[1.624s] Level 1:colcon.colcon_core.package_identification:_identify(install) by extensions ['ignore', 'ignore_ament_install']
[1.624s] Level 1:colcon.colcon_core.package_identification:_identify(install) by extension 'ignore'
[1.624s] Level 1:colcon.colcon_core.package_identification:_identify(install) ignored
[1.624s] Level 1:colcon.colcon_core.package_identification:_identify(log) by extensions ['ignore', 'ignore_ament_install']
[1.624s] Level 1:colcon.colcon_core.package_identification:_identify(log) by extension 'ignore'
[1.624s] Level 1:colcon.colcon_core.package_identification:_identify(log) ignored
[1.624s] Level 1:colcon.colcon_core.package_identification:_identify(src) by extensions ['ignore', 'ignore_ament_install']
[1.624s] Level 1:colcon.colcon_core.package_identification:_identify(src) by extension 'ignore'
[1.624s] Level 1:colcon.colcon_core.package_identification:_identify(src) by extension 'ignore_ament_install'
[1.624s] Level 1:colcon.colcon_core.package_identification:_identify(src) by extensions ['colcon_pkg']
[1.624s] Level 1:colcon.colcon_core.package_identification:_identify(src) by extension 'colcon_pkg'
[1.624s] Level 1:colcon.colcon_core.package_identification:_identify(src) by extensions ['colcon_meta']
[1.624s] Level 1:colcon.colcon_core.package_identification:_identify(src) by extension 'colcon_meta'
[1.624s] Level 1:colcon.colcon_core.package_identification:_identify(src) by extensions ['ros']
[1.624s] Level 1:colcon.colcon_core.package_identification:_identify(src) by extension 'ros'
[1.624s] Level 1:colcon.colcon_core.package_identification:_identify(src) by extensions ['cmake', 'python']
[1.624s] Level 1:colcon.colcon_core.package_identification:_identify(src) by extension 'cmake'
[1.624s] Level 1:colcon.colcon_core.package_identification:_identify(src) by extension 'python'
[1.624s] Level 1:colcon.colcon_core.package_identification:_identify(src) by extensions ['python_setup_py']
[1.624s] Level 1:colcon.colcon_core.package_identification:_identify(src) by extension 'python_setup_py'
[1.624s] Level 1:colcon.colcon_core.package_identification:_identify(src/aruco_detection) by extensions ['ignore', 'ignore_ament_install']
[1.624s] Level 1:colcon.colcon_core.package_identification:_identify(src/aruco_detection) by extension 'ignore'
[1.624s] Level 1:colcon.colcon_core.package_identification:_identify(src/aruco_detection) by extension 'ignore_ament_install'
[1.624s] Level 1:colcon.colcon_core.package_identification:_identify(src/aruco_detection) by extensions ['colcon_pkg']
[1.624s] Level 1:colcon.colcon_core.package_identification:_identify(src/aruco_detection) by extension 'colcon_pkg'
[1.624s] Level 1:colcon.colcon_core.package_identification:_identify(src/aruco_detection) by extensions ['colcon_meta']
[1.624s] Level 1:colcon.colcon_core.package_identification:_identify(src/aruco_detection) by extension 'colcon_meta'
[1.625s] Level 1:colcon.colcon_core.package_identification:_identify(src/aruco_detection) by extensions ['ros']
[1.625s] Level 1:colcon.colcon_core.package_identification:_identify(src/aruco_detection) by extension 'ros'
[1.626s] DEBUG:colcon.colcon_core.package_identification:Package 'src/aruco_detection' with type 'ros.ament_cmake' and name 'aruco_detection'
[1.626s] Level 1:colcon.colcon_core.package_discovery:discover_packages(recursive) using defaults
[1.626s] Level 1:colcon.colcon_core.package_discovery:discover_packages(ignore) discover
[1.626s] Level 1:colcon.colcon_core.package_discovery:discover_packages(ignore) using defaults
[1.626s] Level 1:colcon.colcon_core.package_discovery:discover_packages(path) discover
[1.626s] Level 1:colcon.colcon_core.package_discovery:discover_packages(path) using defaults
[1.767s] Level 1:colcon.colcon_core.package_discovery:discover_packages(prefix_path) check parameters
[1.767s] Level 1:colcon.colcon_core.package_discovery:discover_packages(prefix_path) discover
[1.821s] DEBUG:colcon.colcon_installed_package_information.package_discovery:Found 335 installed packages in /opt/ros/galactic
[1.822s] Level 1:colcon.colcon_core.package_discovery:discover_packages(prefix_path) using defaults
[1.931s] Level 5:colcon.colcon_core.verb:set package 'aruco_detection' build argument 'cmake_args' from command line to 'None'
[1.931s] Level 5:colcon.colcon_core.verb:set package 'aruco_detection' build argument 'cmake_target' from command line to 'None'
[1.931s] Level 5:colcon.colcon_core.verb:set package 'aruco_detection' build argument 'cmake_target_skip_unavailable' from command line to 'False'
[1.931s] Level 5:colcon.colcon_core.verb:set package 'aruco_detection' build argument 'cmake_clean_cache' from command line to 'False'
[1.931s] Level 5:colcon.colcon_core.verb:set package 'aruco_detection' build argument 'cmake_clean_first' from command line to 'False'
[1.931s] Level 5:colcon.colcon_core.verb:set package 'aruco_detection' build argument 'cmake_force_configure' from command line to 'False'
[1.931s] Level 5:colcon.colcon_core.verb:set package 'aruco_detection' build argument 'ament_cmake_args' from command line to 'None'
[1.931s] Level 5:colcon.colcon_core.verb:set package 'aruco_detection' build argument 'catkin_cmake_args' from command line to 'None'
[1.931s] Level 5:colcon.colcon_core.verb:set package 'aruco_detection' build argument 'catkin_skip_building_tests' from command line to 'False'
[1.931s] DEBUG:colcon.colcon_core.verb:Building package 'aruco_detection' with the following arguments: {'ament_cmake_args': None, 'build_base': '/home/art-chris/aruco_detection/build/aruco_detection', 'catkin_cmake_args': None, 'catkin_skip_building_tests': False, 'cmake_args': None, 'cmake_clean_cache': False, 'cmake_clean_first': False, 'cmake_force_configure': False, 'cmake_target': None, 'cmake_target_skip_unavailable': False, 'install_base': '/home/art-chris/aruco_detection/install/aruco_detection', 'merge_install': False, 'path': '/home/art-chris/aruco_detection/src/aruco_detection', 'symlink_install': False, 'test_result_base': None}
[1.957s] INFO:colcon.colcon_core.executor:Executing jobs using 'parallel' executor
[1.983s] DEBUG:colcon.colcon_parallel_executor.executor.parallel:run_until_complete
[1.983s] INFO:colcon.colcon_ros.task.ament_cmake.build:Building ROS package in '/home/art-chris/aruco_detection/src/aruco_detection' with build type 'ament_cmake'
[1.983s] INFO:colcon.colcon_cmake.task.cmake.build:Building CMake package in '/home/art-chris/aruco_detection/src/aruco_detection'
[2.011s] INFO:colcon.colcon_core.plugin_system:Skipping extension 'colcon_core.shell.bat': Not used on non-Windows systems
[2.011s] INFO:colcon.colcon_core.shell:Skip shell extension 'powershell' for command environment: Not usable outside of PowerShell
[2.011s] DEBUG:colcon.colcon_core.shell:Skip shell extension 'dsv' for command environment
[2.071s] DEBUG:colcon.colcon_core.event_handler.log_command:Invoking command in '/home/art-chris/aruco_detection/build/aruco_detection': CMAKE_PREFIX_PATH=${CMAKE_PREFIX_PATH}:/opt/ros/galactic /opt/cmake-install/bin/cmake /home/art-chris/aruco_detection/src/aruco_detection -DCMAKE_INSTALL_PREFIX=/home/art-chris/aruco_detection/install/aruco_detection
[2.362s] DEBUG:colcon.colcon_core.event_handler.log_command:Invoked command in '/home/art-chris/aruco_detection/build/aruco_detection' returned '0': CMAKE_PREFIX_PATH=${CMAKE_PREFIX_PATH}:/opt/ros/galactic /opt/cmake-install/bin/cmake /home/art-chris/aruco_detection/src/aruco_detection -DCMAKE_INSTALL_PREFIX=/home/art-chris/aruco_detection/install/aruco_detection
[2.362s] DEBUG:colcon.colcon_core.event_handler.log_command:Invoking command in '/home/art-chris/aruco_detection/build/aruco_detection': CMAKE_PREFIX_PATH=${CMAKE_PREFIX_PATH}:/opt/ros/galactic /opt/cmake-install/bin/cmake --build /home/art-chris/aruco_detection/build/aruco_detection -- -j16 -l16
[2.374s] DEBUG:colcon.colcon_core.event_handler.log_command:Invoked command in '/home/art-chris/aruco_detection/build/aruco_detection' returned '0': CMAKE_PREFIX_PATH=${CMAKE_PREFIX_PATH}:/opt/ros/galactic /opt/cmake-install/bin/cmake --build /home/art-chris/aruco_detection/build/aruco_detection -- -j16 -l16
[2.385s] DEBUG:colcon.colcon_core.event_handler.log_command:Invoking command in '/home/art-chris/aruco_detection/build/aruco_detection': CMAKE_PREFIX_PATH=${CMAKE_PREFIX_PATH}:/opt/ros/galactic /opt/cmake-install/bin/cmake --install /home/art-chris/aruco_detection/build/aruco_detection
[2.388s] Level 1:colcon.colcon_core.environment:create_environment_scripts_only(aruco_detection)
[2.389s] DEBUG:colcon.colcon_core.event_handler.log_command:Invoked command in '/home/art-chris/aruco_detection/build/aruco_detection' returned '0': CMAKE_PREFIX_PATH=${CMAKE_PREFIX_PATH}:/opt/ros/galactic /opt/cmake-install/bin/cmake --install /home/art-chris/aruco_detection/build/aruco_detection
[2.420s] Level 1:colcon.colcon_core.environment:checking '/home/art-chris/aruco_detection/install/aruco_detection' for CMake module files
[2.420s] Level 1:colcon.colcon_core.environment:checking '/home/art-chris/aruco_detection/install/aruco_detection' for CMake config files
[2.420s] Level 1:colcon.colcon_core.shell:create_environment_hook('aruco_detection', 'cmake_prefix_path')
[2.450s] INFO:colcon.colcon_core.shell:Creating environment hook '/home/art-chris/aruco_detection/install/aruco_detection/share/aruco_detection/hook/cmake_prefix_path.ps1'
[2.450s] INFO:colcon.colcon_core.shell:Creating environment descriptor '/home/art-chris/aruco_detection/install/aruco_detection/share/aruco_detection/hook/cmake_prefix_path.dsv'
[2.450s] INFO:colcon.colcon_core.shell:Creating environment hook '/home/art-chris/aruco_detection/install/aruco_detection/share/aruco_detection/hook/cmake_prefix_path.sh'
[2.451s] Level 1:colcon.colcon_core.environment:checking '/home/art-chris/aruco_detection/install/aruco_detection/bin'
[2.451s] Level 1:colcon.colcon_core.environment:checking '/home/art-chris/aruco_detection/install/aruco_detection/lib/pkgconfig/aruco_detection.pc'
[2.451s] Level 1:colcon.colcon_core.environment:checking '/home/art-chris/aruco_detection/install/aruco_detection/lib/python3.8/site-packages'
[2.451s] Level 1:colcon.colcon_core.environment:checking '/home/art-chris/aruco_detection/install/aruco_detection/bin'
[2.480s] INFO:colcon.colcon_core.shell:Creating package script '/home/art-chris/aruco_detection/install/aruco_detection/share/aruco_detection/package.ps1'
[2.480s] INFO:colcon.colcon_core.shell:Creating package descriptor '/home/art-chris/aruco_detection/install/aruco_detection/share/aruco_detection/package.dsv'
[2.481s] INFO:colcon.colcon_core.shell:Creating package script '/home/art-chris/aruco_detection/install/aruco_detection/share/aruco_detection/package.sh'
[2.481s] INFO:colcon.colcon_core.shell:Creating package script '/home/art-chris/aruco_detection/install/aruco_detection/share/aruco_detection/package.bash'
[2.481s] INFO:colcon.colcon_core.shell:Creating package script '/home/art-chris/aruco_detection/install/aruco_detection/share/aruco_detection/package.zsh'
[2.482s] Level 1:colcon.colcon_core.environment:create_file_with_runtime_dependencies(/home/art-chris/aruco_detection/install/aruco_detection/share/colcon-core/packages/aruco_detection)
[2.521s] Level 1:colcon.colcon_core.environment:create_environment_scripts_only(aruco_detection)
[2.550s] Level 1:colcon.colcon_core.environment:checking '/home/art-chris/aruco_detection/install/aruco_detection' for CMake module files
[2.551s] Level 1:colcon.colcon_core.environment:checking '/home/art-chris/aruco_detection/install/aruco_detection' for CMake config files
[2.551s] Level 1:colcon.colcon_core.shell:create_environment_hook('aruco_detection', 'cmake_prefix_path')
[2.579s] INFO:colcon.colcon_core.shell:Creating environment hook '/home/art-chris/aruco_detection/install/aruco_detection/share/aruco_detection/hook/cmake_prefix_path.ps1'
[2.580s] INFO:colcon.colcon_core.shell:Creating environment descriptor '/home/art-chris/aruco_detection/install/aruco_detection/share/aruco_detection/hook/cmake_prefix_path.dsv'
[2.580s] INFO:colcon.colcon_core.shell:Creating environment hook '/home/art-chris/aruco_detection/install/aruco_detection/share/aruco_detection/hook/cmake_prefix_path.sh'
[2.580s] Level 1:colcon.colcon_core.environment:checking '/home/art-chris/aruco_detection/install/aruco_detection/bin'
[2.580s] Level 1:colcon.colcon_core.environment:checking '/home/art-chris/aruco_detection/install/aruco_detection/lib/pkgconfig/aruco_detection.pc'
[2.580s] Level 1:colcon.colcon_core.environment:checking '/home/art-chris/aruco_detection/install/aruco_detection/lib/python3.8/site-packages'
[2.581s] Level 1:colcon.colcon_core.environment:checking '/home/art-chris/aruco_detection/install/aruco_detection/bin'
[2.610s] INFO:colcon.colcon_core.shell:Creating package script '/home/art-chris/aruco_detection/install/aruco_detection/share/aruco_detection/package.ps1'
[2.610s] INFO:colcon.colcon_core.shell:Creating package descriptor '/home/art-chris/aruco_detection/install/aruco_detection/share/aruco_detection/package.dsv'
[2.611s] INFO:colcon.colcon_core.shell:Creating package script '/home/art-chris/aruco_detection/install/aruco_detection/share/aruco_detection/package.sh'
[2.611s] INFO:colcon.colcon_core.shell:Creating package script '/home/art-chris/aruco_detection/install/aruco_detection/share/aruco_detection/package.bash'
[2.611s] INFO:colcon.colcon_core.shell:Creating package script '/home/art-chris/aruco_detection/install/aruco_detection/share/aruco_detection/package.zsh'
[2.611s] Level 1:colcon.colcon_core.environment:create_file_with_runtime_dependencies(/home/art-chris/aruco_detection/install/aruco_detection/share/colcon-core/packages/aruco_detection)
[2.611s] DEBUG:colcon.colcon_parallel_executor.executor.parallel:closing loop
[2.612s] DEBUG:colcon.colcon_parallel_executor.executor.parallel:loop closed
[2.612s] DEBUG:colcon.colcon_parallel_executor.executor.parallel:run_until_complete finished with '0'
[2.612s] DEBUG:colcon.colcon_core.event_reactor:joining thread
[2.642s] INFO:colcon.colcon_core.plugin_system:Skipping extension 'colcon_notification.desktop_notification.terminal_notifier': Not used on non-Darwin systems
[2.642s] INFO:colcon.colcon_core.plugin_system:Skipping extension 'colcon_notification.desktop_notification.win32': Not used on non-Windows systems
[2.643s] INFO:colcon.colcon_notification.desktop_notification:Sending desktop notification using 'notify2'
[2.651s] DEBUG:colcon.colcon_core.event_reactor:joined thread
[2.682s] INFO:colcon.colcon_core.shell:Creating prefix script '/home/art-chris/aruco_detection/install/local_setup.ps1'
[2.682s] INFO:colcon.colcon_core.shell:Creating prefix util module '/home/art-chris/aruco_detection/install/_local_setup_util_ps1.py'
[2.683s] INFO:colcon.colcon_core.shell:Creating prefix chain script '/home/art-chris/aruco_detection/install/setup.ps1'
[2.714s] INFO:colcon.colcon_core.shell:Creating prefix script '/home/art-chris/aruco_detection/install/local_setup.sh'
[2.715s] INFO:colcon.colcon_core.shell:Creating prefix util module '/home/art-chris/aruco_detection/install/_local_setup_util_sh.py'
[2.715s] INFO:colcon.colcon_core.shell:Creating prefix chain script '/home/art-chris/aruco_detection/install/setup.sh'
[2.755s] INFO:colcon.colcon_core.shell:Creating prefix script '/home/art-chris/aruco_detection/install/local_setup.bash'
[2.756s] INFO:colcon.colcon_core.shell:Creating prefix chain script '/home/art-chris/aruco_detection/install/setup.bash'
[2.787s] INFO:colcon.colcon_core.shell:Creating prefix script '/home/art-chris/aruco_detection/install/local_setup.zsh'
[2.787s] INFO:colcon.colcon_core.shell:Creating prefix chain script '/home/art-chris/aruco_detection/install/setup.zsh'
